    set client_min_messages = WARNING
    alter table if exists collaborator_projects 
       drop constraint if exists FK5kpa0x61428eivx39w4c216h
    alter table if exists collaborator_projects 
       drop constraint if exists FKm4db4bcau4iu453d13goewr8m
    alter table if exists collaborator_skills 
       drop constraint if exists FKbb5rbvrsi0m43gjn3i5qvkuh
    alter table if exists collaborator_skills 
       drop constraint if exists FK3cyrlff064tuvekjxx7okhbmm
    alter table if exists participation 
       drop constraint if exists FKi29knmhldnxgrbqv72csehpru
    alter table if exists participation 
       drop constraint if exists FKs0yblthwqvmld18g7wga85l7v
    alter table if exists project 
       drop constraint if exists FK8nw995uro0115f1go0dmrtn2d
    alter table if exists project_assignees 
       drop constraint if exists FKtph20c9xnww4jlncwhs4jlgra
    alter table if exists project_assignees 
       drop constraint if exists FKecvqetfhr49y3iavrwu3x4nyq
    alter table if exists task 
       drop constraint if exists FKk8qrwowg31kx7hp93sru1pdqa
    alter table if exists task_assignees 
       drop constraint if exists FKpaw716f39pnoirqew86kkyc3s
    alter table if exists task_assignees 
       drop constraint if exists FKo4yer4djkjpmp3hrghfn0hh9
    drop table if exists client cascade
    drop table if exists collaborator cascade
    drop table if exists collaborator_projects cascade
    drop table if exists collaborator_skills cascade
    drop table if exists participation cascade
    drop table if exists project cascade
    drop table if exists project_assignees cascade
    drop table if exists skill cascade
    drop table if exists task cascade
    drop table if exists task_assignees cascade
    create table client (
        id bigint generated by default as identity,
        email varchar(255),
        name varchar(255),
        phone_number varchar(255),
        primary key (id)
    );
    create table collaborator (
        is_admin boolean not null,
        join_date date,
        id bigint generated by default as identity,
        avatar_url varchar(255),
        email varchar(255),
        first_name varchar(255),
        last_name varchar(255),
        password varchar(255),
        primary key (id)
    );
    create table collaborator_projects (
        collaborator_id bigint not null,
        projects_id bigint not null unique,
        primary key (collaborator_id, projects_id)
    );
    create table collaborator_skills (
        collaborator_id bigint not null,
        skills_id bigint not null,
        primary key (collaborator_id, skills_id)
    );
    create table participation (
        collaborator_id bigint,
        id bigint generated by default as identity,
        project_id bigint,
        roles smallint array,
        primary key (id)
    );
    create table project (
        status smallint check (status between 0 and 2),
        client_id bigint,
        end timestamp(6),
        id bigint generated by default as identity,
        start timestamp(6),
        description varchar(255),
        title varchar(255),
        primary key (id)
    );
    create table project_assignees (
        assignees_id bigint not null,
        project_id bigint not null,
        primary key (assignees_id, project_id)
    );
    create table skill (
        id bigint generated by default as identity,
        name varchar(255),
        primary key (id)
    );
    create table task (
        status smallint check (status between 0 and 2),
        deadline timestamp(6),
        id bigint generated by default as identity,
        project_id bigint,
        description varchar(255),
        title varchar(255),
        primary key (id)
    );
    create table task_assignees (
        assignees_id bigint not null,
        task_id bigint not null,
        primary key (assignees_id, task_id)
    );
    alter table if exists collaborator_projects 
       add constraint FK5kpa0x61428eivx39w4c216h 
       foreign key (projects_id) 
       references participation;
    alter table if exists collaborator_projects 
       add constraint FKm4db4bcau4iu453d13goewr8m 
       foreign key (collaborator_id) 
       references collaborator;
    alter table if exists collaborator_skills 
       add constraint FKbb5rbvrsi0m43gjn3i5qvkuh 
       foreign key (skills_id) 
       references skill;
    alter table if exists collaborator_skills 
       add constraint FK3cyrlff064tuvekjxx7okhbmm 
       foreign key (collaborator_id) 
       references collaborator;
    alter table if exists participation 
       add constraint FKi29knmhldnxgrbqv72csehpru 
       foreign key (collaborator_id) 
       references collaborator;
    alter table if exists participation 
       add constraint FKs0yblthwqvmld18g7wga85l7v 
       foreign key (project_id) 
       references project;
    alter table if exists project 
       add constraint FK8nw995uro0115f1go0dmrtn2d 
       foreign key (client_id) 
       references client;
    alter table if exists project_assignees 
       add constraint FKtph20c9xnww4jlncwhs4jlgra 
       foreign key (assignees_id) 
       references participation;
    alter table if exists project_assignees 
       add constraint FKecvqetfhr49y3iavrwu3x4nyq 
       foreign key (project_id) 
       references project;
    alter table if exists task 
       add constraint FKk8qrwowg31kx7hp93sru1pdqa 
       foreign key (project_id) 
       references project;
    alter table if exists task_assignees 
       add constraint FKpaw716f39pnoirqew86kkyc3s 
       foreign key (assignees_id) 
       references collaborator;
    alter table if exists task_assignees 
       add constraint FKo4yer4djkjpmp3hrghfn0hh9 
       foreign key (task_id) 
       references task
16:46:48.377 [main] DEBUG org.hibernate.SQL - 
    set client_min_messages = WARNING
16:46:48.382 [main] DEBUG org.hibernate.SQL - 
    alter table if exists collaborator_projects 
       drop constraint if exists FK5kpa0x61428eivx39w4c216h
16:46:48.392 [main] DEBUG org.hibernate.SQL - 
    alter table if exists collaborator_projects 
       drop constraint if exists FKm4db4bcau4iu453d13goewr8m
16:46:48.394 [main] DEBUG org.hibernate.SQL - 
    alter table if exists collaborator_skills 
       drop constraint if exists FKbb5rbvrsi0m43gjn3i5qvkuh
16:46:48.396 [main] DEBUG org.hibernate.SQL - 
    alter table if exists collaborator_skills 
       drop constraint if exists FK3cyrlff064tuvekjxx7okhbmm
16:46:48.398 [main] DEBUG org.hibernate.SQL - 
    alter table if exists participation 
       drop constraint if exists FKi29knmhldnxgrbqv72csehpru
16:46:48.399 [main] DEBUG org.hibernate.SQL - 
    alter table if exists participation 
       drop constraint if exists FKs0yblthwqvmld18g7wga85l7v
16:46:48.400 [main] DEBUG org.hibernate.SQL - 
    alter table if exists project 
       drop constraint if exists FK8nw995uro0115f1go0dmrtn2d
16:46:48.402 [main] DEBUG org.hibernate.SQL - 
    alter table if exists project_assignees 
       drop constraint if exists FKtph20c9xnww4jlncwhs4jlgra
16:46:48.404 [main] DEBUG org.hibernate.SQL - 
    alter table if exists project_assignees 
       drop constraint if exists FKecvqetfhr49y3iavrwu3x4nyq
16:46:48.406 [main] DEBUG org.hibernate.SQL - 
    alter table if exists task 
       drop constraint if exists FKk8qrwowg31kx7hp93sru1pdqa
16:46:48.407 [main] DEBUG org.hibernate.SQL - 
    alter table if exists task_assignees 
       drop constraint if exists FKpaw716f39pnoirqew86kkyc3s
16:46:48.409 [main] DEBUG org.hibernate.SQL - 
    alter table if exists task_assignees 
       drop constraint if exists FKo4yer4djkjpmp3hrghfn0hh9
16:46:48.410 [main] DEBUG org.hibernate.SQL - 
    drop table if exists client cascade
16:46:48.412 [main] DEBUG org.hibernate.SQL - 
    drop table if exists collaborator cascade
16:46:48.414 [main] DEBUG org.hibernate.SQL - 
    drop table if exists collaborator_projects cascade
16:46:48.415 [main] DEBUG org.hibernate.SQL - 
    drop table if exists collaborator_skills cascade
16:46:48.417 [main] DEBUG org.hibernate.SQL - 
    drop table if exists participation cascade
16:46:48.418 [main] DEBUG org.hibernate.SQL - 
    drop table if exists project cascade
16:46:48.420 [main] DEBUG org.hibernate.SQL - 
    drop table if exists project_assignees cascade
16:46:48.421 [main] DEBUG org.hibernate.SQL - 
    drop table if exists skill cascade
16:46:48.422 [main] DEBUG org.hibernate.SQL - 
    drop table if exists task cascade
16:46:48.424 [main] DEBUG org.hibernate.SQL - 
    drop table if exists task_assignees cascade
16:46:48.435 [main] DEBUG org.hibernate.SQL - 
    create table client (
        id bigint generated by default as identity,
        email varchar(255),
        name varchar(255),
        phone_number varchar(255),
        primary key (id)
    )
16:46:48.442 [main] DEBUG org.hibernate.SQL - 
    create table collaborator (
        is_admin boolean not null,
        join_date date,
        id bigint generated by default as identity,
        avatar_url varchar(255),
        email varchar(255),
        first_name varchar(255),
        last_name varchar(255),
        password varchar(255),
        primary key (id)
    )
16:46:48.445 [main] DEBUG org.hibernate.SQL - 
    create table collaborator_projects (
        collaborator_id bigint not null,
        projects_id bigint not null unique,
        primary key (collaborator_id, projects_id)
    )
16:46:48.447 [main] DEBUG org.hibernate.SQL - 
    create table collaborator_skills (
        collaborator_id bigint not null,
        skills_id bigint not null,
        primary key (collaborator_id, skills_id)
    )
16:46:48.448 [main] DEBUG org.hibernate.SQL - 
    create table participation (
        collaborator_id bigint,
        id bigint generated by default as identity,
        project_id bigint,
        roles smallint array,
        primary key (id)
    )
16:46:48.451 [main] DEBUG org.hibernate.SQL - 
    create table project (
        status smallint check (status between 0 and 2),
        client_id bigint,
        end timestamp(6),
        id bigint generated by default as identity,
        start timestamp(6),
        description varchar(255),
        title varchar(255),
        primary key (id)
    )
16:46:48.452 [main] DEBUG org.hibernate.SQL - 
    create table project_assignees (
        assignees_id bigint not null,
        project_id bigint not null,
        primary key (assignees_id, project_id)
    )
16:46:48.454 [main] DEBUG org.hibernate.SQL - 
    create table skill (
        id bigint generated by default as identity,
        name varchar(255),
        primary key (id)
    )
16:46:48.455 [main] DEBUG org.hibernate.SQL - 
    create table task (
        status smallint check (status between 0 and 2),
        deadline timestamp(6),
        id bigint generated by default as identity,
        project_id bigint,
        description varchar(255),
        title varchar(255),
        primary key (id)
    )
16:46:48.457 [main] DEBUG org.hibernate.SQL - 
    create table task_assignees (
        assignees_id bigint not null,
        task_id bigint not null,
        primary key (assignees_id, task_id)
    )
16:46:48.460 [main] DEBUG org.hibernate.SQL - 
    alter table if exists collaborator_projects 
       add constraint FK5kpa0x61428eivx39w4c216h 
       foreign key (projects_id) 
       references participation
16:46:48.461 [main] DEBUG org.hibernate.SQL - 
    alter table if exists collaborator_projects 
       add constraint FKm4db4bcau4iu453d13goewr8m 
       foreign key (collaborator_id) 
       references collaborator
16:46:48.462 [main] DEBUG org.hibernate.SQL - 
    alter table if exists collaborator_skills 
       add constraint FKbb5rbvrsi0m43gjn3i5qvkuh 
       foreign key (skills_id) 
       references skill
16:46:48.464 [main] DEBUG org.hibernate.SQL - 
    alter table if exists collaborator_skills 
       add constraint FK3cyrlff064tuvekjxx7okhbmm 
       foreign key (collaborator_id) 
       references collaborator
16:46:48.466 [main] DEBUG org.hibernate.SQL - 
    alter table if exists participation 
       add constraint FKi29knmhldnxgrbqv72csehpru 
       foreign key (collaborator_id) 
       references collaborator
16:46:48.468 [main] DEBUG org.hibernate.SQL - 
    alter table if exists participation 
       add constraint FKs0yblthwqvmld18g7wga85l7v 
       foreign key (project_id) 
       references project
16:46:48.470 [main] DEBUG org.hibernate.SQL - 
    alter table if exists project 
       add constraint FK8nw995uro0115f1go0dmrtn2d 
       foreign key (client_id) 
       references client
16:46:48.473 [main] DEBUG org.hibernate.SQL - 
    alter table if exists project_assignees 
       add constraint FKtph20c9xnww4jlncwhs4jlgra 
       foreign key (assignees_id) 
       references participation
16:46:48.474 [main] DEBUG org.hibernate.SQL - 
    alter table if exists project_assignees 
       add constraint FKecvqetfhr49y3iavrwu3x4nyq 
       foreign key (project_id) 
       references project
16:46:48.477 [main] DEBUG org.hibernate.SQL - 
    alter table if exists task 
       add constraint FKk8qrwowg31kx7hp93sru1pdqa 
       foreign key (project_id) 
       references project
16:46:48.478 [main] DEBUG org.hibernate.SQL - 
    alter table if exists task_assignees 
       add constraint FKpaw716f39pnoirqew86kkyc3s 
       foreign key (assignees_id) 
       references collaborator
16:46:48.480 [main] DEBUG org.hibernate.SQL - 
    alter table if exists task_assignees 
       add constraint FKo4yer4djkjpmp3hrghfn0hh9 
       foreign key (task_id) 
       references task
16:47:55.135 [main] DEBUG org.hibernate.SQL - 
    set client_min_messages = WARNING
16:47:55.140 [main] DEBUG org.hibernate.SQL - 
    alter table if exists collaborator_projects 
       drop constraint if exists FK5kpa0x61428eivx39w4c216h
16:47:55.150 [main] DEBUG org.hibernate.SQL - 
    alter table if exists collaborator_projects 
       drop constraint if exists FKm4db4bcau4iu453d13goewr8m
16:47:55.151 [main] DEBUG org.hibernate.SQL - 
    alter table if exists collaborator_skills 
       drop constraint if exists FKbb5rbvrsi0m43gjn3i5qvkuh
16:47:55.153 [main] DEBUG org.hibernate.SQL - 
    alter table if exists collaborator_skills 
       drop constraint if exists FK3cyrlff064tuvekjxx7okhbmm
16:47:55.155 [main] DEBUG org.hibernate.SQL - 
    alter table if exists participation 
       drop constraint if exists FKi29knmhldnxgrbqv72csehpru
16:47:55.157 [main] DEBUG org.hibernate.SQL - 
    alter table if exists participation 
       drop constraint if exists FKs0yblthwqvmld18g7wga85l7v
16:47:55.159 [main] DEBUG org.hibernate.SQL - 
    alter table if exists project 
       drop constraint if exists FK8nw995uro0115f1go0dmrtn2d
16:47:55.160 [main] DEBUG org.hibernate.SQL - 
    alter table if exists project_assignees 
       drop constraint if exists FKtph20c9xnww4jlncwhs4jlgra
16:47:55.162 [main] DEBUG org.hibernate.SQL - 
    alter table if exists project_assignees 
       drop constraint if exists FKecvqetfhr49y3iavrwu3x4nyq
16:47:55.163 [main] DEBUG org.hibernate.SQL - 
    alter table if exists task 
       drop constraint if exists FKk8qrwowg31kx7hp93sru1pdqa
16:47:55.165 [main] DEBUG org.hibernate.SQL - 
    alter table if exists task_assignees 
       drop constraint if exists FKpaw716f39pnoirqew86kkyc3s
16:47:55.167 [main] DEBUG org.hibernate.SQL - 
    alter table if exists task_assignees 
       drop constraint if exists FKo4yer4djkjpmp3hrghfn0hh9
16:47:55.168 [main] DEBUG org.hibernate.SQL - 
    drop table if exists client cascade
16:47:55.171 [main] DEBUG org.hibernate.SQL - 
    drop table if exists collaborator cascade
16:47:55.172 [main] DEBUG org.hibernate.SQL - 
    drop table if exists collaborator_projects cascade
16:47:55.174 [main] DEBUG org.hibernate.SQL - 
    drop table if exists collaborator_skills cascade
16:47:55.175 [main] DEBUG org.hibernate.SQL - 
    drop table if exists participation cascade
16:47:55.176 [main] DEBUG org.hibernate.SQL - 
    drop table if exists project cascade
16:47:55.177 [main] DEBUG org.hibernate.SQL - 
    drop table if exists project_assignees cascade
16:47:55.179 [main] DEBUG org.hibernate.SQL - 
    drop table if exists skill cascade
16:47:55.180 [main] DEBUG org.hibernate.SQL - 
    drop table if exists task cascade
16:47:55.182 [main] DEBUG org.hibernate.SQL - 
    drop table if exists task_assignees cascade
16:47:55.192 [main] DEBUG org.hibernate.SQL - 
    create table client (
        id bigint generated by default as identity,
        email varchar(255),
        name varchar(255),
        phone_number varchar(255),
        primary key (id)
    )
16:47:55.199 [main] DEBUG org.hibernate.SQL - 
    create table collaborator (
        is_admin boolean not null,
        join_date date,
        id bigint generated by default as identity,
        avatar_url varchar(255),
        email varchar(255),
        first_name varchar(255),
        last_name varchar(255),
        password varchar(255),
        primary key (id)
    )
16:47:55.202 [main] DEBUG org.hibernate.SQL - 
    create table collaborator_projects (
        collaborator_id bigint not null,
        projects_id bigint not null unique,
        primary key (collaborator_id, projects_id)
    )
16:47:55.204 [main] DEBUG org.hibernate.SQL - 
    create table collaborator_skills (
        collaborator_id bigint not null,
        skills_id bigint not null,
        primary key (collaborator_id, skills_id)
    )
16:47:55.206 [main] DEBUG org.hibernate.SQL - 
    create table participation (
        collaborator_id bigint,
        id bigint generated by default as identity,
        project_id bigint,
        roles smallint array,
        primary key (id)
    )
16:47:55.209 [main] DEBUG org.hibernate.SQL - 
    create table project (
        status smallint check (status between 0 and 2),
        client_id bigint,
        end timestamp(6),
        id bigint generated by default as identity,
        start timestamp(6),
        description varchar(255),
        title varchar(255),
        primary key (id)
    )
16:47:55.211 [main] DEBUG org.hibernate.SQL - 
    create table project_assignees (
        assignees_id bigint not null,
        project_id bigint not null,
        primary key (assignees_id, project_id)
    )
16:47:55.214 [main] DEBUG org.hibernate.SQL - 
    create table skill (
        id bigint generated by default as identity,
        name varchar(255),
        primary key (id)
    )
16:47:55.216 [main] DEBUG org.hibernate.SQL - 
    create table task (
        status smallint check (status between 0 and 2),
        deadline timestamp(6),
        id bigint generated by default as identity,
        project_id bigint,
        description varchar(255),
        title varchar(255),
        primary key (id)
    )
16:47:55.217 [main] DEBUG org.hibernate.SQL - 
    create table task_assignees (
        assignees_id bigint not null,
        task_id bigint not null,
        primary key (assignees_id, task_id)
    )
16:47:55.221 [main] DEBUG org.hibernate.SQL - 
    alter table if exists collaborator_projects 
       add constraint FK5kpa0x61428eivx39w4c216h 
       foreign key (projects_id) 
       references participation
16:47:55.223 [main] DEBUG org.hibernate.SQL - 
    alter table if exists collaborator_projects 
       add constraint FKm4db4bcau4iu453d13goewr8m 
       foreign key (collaborator_id) 
       references collaborator
16:47:55.224 [main] DEBUG org.hibernate.SQL - 
    alter table if exists collaborator_skills 
       add constraint FKbb5rbvrsi0m43gjn3i5qvkuh 
       foreign key (skills_id) 
       references skill
16:47:55.226 [main] DEBUG org.hibernate.SQL - 
    alter table if exists collaborator_skills 
       add constraint FK3cyrlff064tuvekjxx7okhbmm 
       foreign key (collaborator_id) 
       references collaborator
16:47:55.227 [main] DEBUG org.hibernate.SQL - 
    alter table if exists participation 
       add constraint FKi29knmhldnxgrbqv72csehpru 
       foreign key (collaborator_id) 
       references collaborator
16:47:55.230 [main] DEBUG org.hibernate.SQL - 
    alter table if exists participation 
       add constraint FKs0yblthwqvmld18g7wga85l7v 
       foreign key (project_id) 
       references project
16:47:55.232 [main] DEBUG org.hibernate.SQL - 
    alter table if exists project 
       add constraint FK8nw995uro0115f1go0dmrtn2d 
       foreign key (client_id) 
       references client
16:47:55.233 [main] DEBUG org.hibernate.SQL - 
    alter table if exists project_assignees 
       add constraint FKtph20c9xnww4jlncwhs4jlgra 
       foreign key (assignees_id) 
       references participation
16:47:55.234 [main] DEBUG org.hibernate.SQL - 
    alter table if exists project_assignees 
       add constraint FKecvqetfhr49y3iavrwu3x4nyq 
       foreign key (project_id) 
       references project
16:47:55.236 [main] DEBUG org.hibernate.SQL - 
    alter table if exists task 
       add constraint FKk8qrwowg31kx7hp93sru1pdqa 
       foreign key (project_id) 
       references project
16:47:55.237 [main] DEBUG org.hibernate.SQL - 
    alter table if exists task_assignees 
       add constraint FKpaw716f39pnoirqew86kkyc3s 
       foreign key (assignees_id) 
       references collaborator
16:47:55.238 [main] DEBUG org.hibernate.SQL - 
    alter table if exists task_assignees 
       add constraint FKo4yer4djkjpmp3hrghfn0hh9 
       foreign key (task_id) 
       references task
16:49:57.647 [http-nio-2017-exec-10] DEBUG org.hibernate.SQL - 
    select
        c1_0.id,
        c1_0.avatar_url,
        c1_0.email,
        c1_0.first_name,
        c1_0.is_admin,
        c1_0.join_date,
        c1_0.last_name,
        c1_0.password 
    from
        collaborator c1_0 
    where
        c1_0.email=?
16:50:12.459 [http-nio-2017-exec-7] DEBUG org.hibernate.SQL - 
    select
        c1_0.id,
        c1_0.avatar_url,
        c1_0.email,
        c1_0.first_name,
        c1_0.is_admin,
        c1_0.join_date,
        c1_0.last_name,
        c1_0.password 
    from
        collaborator c1_0 
    where
        c1_0.email=?
16:51:28.296 [main] DEBUG org.hibernate.SQL - 
    set client_min_messages = WARNING
16:51:28.301 [main] DEBUG org.hibernate.SQL - 
    alter table if exists collaborator_projects 
       drop constraint if exists FK5kpa0x61428eivx39w4c216h
16:51:28.312 [main] DEBUG org.hibernate.SQL - 
    alter table if exists collaborator_projects 
       drop constraint if exists FKm4db4bcau4iu453d13goewr8m
16:51:28.314 [main] DEBUG org.hibernate.SQL - 
    alter table if exists collaborator_skills 
       drop constraint if exists FKbb5rbvrsi0m43gjn3i5qvkuh
16:51:28.316 [main] DEBUG org.hibernate.SQL - 
    alter table if exists collaborator_skills 
       drop constraint if exists FK3cyrlff064tuvekjxx7okhbmm
16:51:28.318 [main] DEBUG org.hibernate.SQL - 
    alter table if exists participation 
       drop constraint if exists FKi29knmhldnxgrbqv72csehpru
16:51:28.320 [main] DEBUG org.hibernate.SQL - 
    alter table if exists participation 
       drop constraint if exists FKs0yblthwqvmld18g7wga85l7v
16:51:28.322 [main] DEBUG org.hibernate.SQL - 
    alter table if exists project 
       drop constraint if exists FK8nw995uro0115f1go0dmrtn2d
16:51:28.324 [main] DEBUG org.hibernate.SQL - 
    alter table if exists project_assignees 
       drop constraint if exists FKtph20c9xnww4jlncwhs4jlgra
16:51:28.326 [main] DEBUG org.hibernate.SQL - 
    alter table if exists project_assignees 
       drop constraint if exists FKecvqetfhr49y3iavrwu3x4nyq
16:51:28.328 [main] DEBUG org.hibernate.SQL - 
    alter table if exists task 
       drop constraint if exists FKk8qrwowg31kx7hp93sru1pdqa
16:51:28.330 [main] DEBUG org.hibernate.SQL - 
    alter table if exists task_assignees 
       drop constraint if exists FKpaw716f39pnoirqew86kkyc3s
16:51:28.332 [main] DEBUG org.hibernate.SQL - 
    alter table if exists task_assignees 
       drop constraint if exists FKo4yer4djkjpmp3hrghfn0hh9
16:51:28.334 [main] DEBUG org.hibernate.SQL - 
    drop table if exists client cascade
16:51:28.336 [main] DEBUG org.hibernate.SQL - 
    drop table if exists collaborator cascade
16:51:28.338 [main] DEBUG org.hibernate.SQL - 
    drop table if exists collaborator_projects cascade
16:51:28.340 [main] DEBUG org.hibernate.SQL - 
    drop table if exists collaborator_skills cascade
16:51:28.342 [main] DEBUG org.hibernate.SQL - 
    drop table if exists participation cascade
16:51:28.344 [main] DEBUG org.hibernate.SQL - 
    drop table if exists project cascade
16:51:28.346 [main] DEBUG org.hibernate.SQL - 
    drop table if exists project_assignees cascade
16:51:28.348 [main] DEBUG org.hibernate.SQL - 
    drop table if exists skill cascade
16:51:28.350 [main] DEBUG org.hibernate.SQL - 
    drop table if exists task cascade
16:51:28.352 [main] DEBUG org.hibernate.SQL - 
    drop table if exists task_assignees cascade
16:51:28.367 [main] DEBUG org.hibernate.SQL - 
    create table client (
        id bigint generated by default as identity,
        email varchar(255),
        name varchar(255),
        phone_number varchar(255),
        primary key (id)
    )
16:51:28.377 [main] DEBUG org.hibernate.SQL - 
    create table collaborator (
        is_admin boolean not null,
        join_date date,
        id bigint generated by default as identity,
        avatar_url varchar(255),
        email varchar(255),
        first_name varchar(255),
        last_name varchar(255),
        password varchar(255),
        primary key (id)
    )
16:51:28.381 [main] DEBUG org.hibernate.SQL - 
    create table collaborator_projects (
        collaborator_id bigint not null,
        projects_id bigint not null unique,
        primary key (collaborator_id, projects_id)
    )
16:51:28.383 [main] DEBUG org.hibernate.SQL - 
    create table collaborator_skills (
        collaborator_id bigint not null,
        skills_id bigint not null,
        primary key (collaborator_id, skills_id)
    )
16:51:28.386 [main] DEBUG org.hibernate.SQL - 
    create table participation (
        collaborator_id bigint,
        id bigint generated by default as identity,
        project_id bigint,
        roles smallint array,
        primary key (id)
    )
16:51:28.389 [main] DEBUG org.hibernate.SQL - 
    create table project (
        status smallint check (status between 0 and 2),
        client_id bigint,
        end timestamp(6),
        id bigint generated by default as identity,
        start timestamp(6),
        description varchar(255),
        title varchar(255),
        primary key (id)
    )
16:51:28.391 [main] DEBUG org.hibernate.SQL - 
    create table project_assignees (
        assignees_id bigint not null,
        project_id bigint not null,
        primary key (assignees_id, project_id)
    )
16:51:28.394 [main] DEBUG org.hibernate.SQL - 
    create table skill (
        id bigint generated by default as identity,
        name varchar(255),
        primary key (id)
    )
16:51:28.396 [main] DEBUG org.hibernate.SQL - 
    create table task (
        status smallint check (status between 0 and 2),
        deadline timestamp(6),
        id bigint generated by default as identity,
        project_id bigint,
        description varchar(255),
        title varchar(255),
        primary key (id)
    )
16:51:28.399 [main] DEBUG org.hibernate.SQL - 
    create table task_assignees (
        assignees_id bigint not null,
        task_id bigint not null,
        primary key (assignees_id, task_id)
    )
16:51:28.402 [main] DEBUG org.hibernate.SQL - 
    alter table if exists collaborator_projects 
       add constraint FK5kpa0x61428eivx39w4c216h 
       foreign key (projects_id) 
       references participation
16:51:28.404 [main] DEBUG org.hibernate.SQL - 
    alter table if exists collaborator_projects 
       add constraint FKm4db4bcau4iu453d13goewr8m 
       foreign key (collaborator_id) 
       references collaborator
16:51:28.407 [main] DEBUG org.hibernate.SQL - 
    alter table if exists collaborator_skills 
       add constraint FKbb5rbvrsi0m43gjn3i5qvkuh 
       foreign key (skills_id) 
       references skill
16:51:28.409 [main] DEBUG org.hibernate.SQL - 
    alter table if exists collaborator_skills 
       add constraint FK3cyrlff064tuvekjxx7okhbmm 
       foreign key (collaborator_id) 
       references collaborator
16:51:28.412 [main] DEBUG org.hibernate.SQL - 
    alter table if exists participation 
       add constraint FKi29knmhldnxgrbqv72csehpru 
       foreign key (collaborator_id) 
       references collaborator
16:51:28.415 [main] DEBUG org.hibernate.SQL - 
    alter table if exists participation 
       add constraint FKs0yblthwqvmld18g7wga85l7v 
       foreign key (project_id) 
       references project
16:51:28.416 [main] DEBUG org.hibernate.SQL - 
    alter table if exists project 
       add constraint FK8nw995uro0115f1go0dmrtn2d 
       foreign key (client_id) 
       references client
16:51:28.419 [main] DEBUG org.hibernate.SQL - 
    alter table if exists project_assignees 
       add constraint FKtph20c9xnww4jlncwhs4jlgra 
       foreign key (assignees_id) 
       references participation
16:51:28.422 [main] DEBUG org.hibernate.SQL - 
    alter table if exists project_assignees 
       add constraint FKecvqetfhr49y3iavrwu3x4nyq 
       foreign key (project_id) 
       references project
16:51:28.427 [main] DEBUG org.hibernate.SQL - 
    alter table if exists task 
       add constraint FKk8qrwowg31kx7hp93sru1pdqa 
       foreign key (project_id) 
       references project
16:51:28.430 [main] DEBUG org.hibernate.SQL - 
    alter table if exists task_assignees 
       add constraint FKpaw716f39pnoirqew86kkyc3s 
       foreign key (assignees_id) 
       references collaborator
16:51:28.437 [main] DEBUG org.hibernate.SQL - 
    alter table if exists task_assignees 
       add constraint FKo4yer4djkjpmp3hrghfn0hh9 
       foreign key (task_id) 
       references task
16:52:37.515 [http-nio-2017-exec-8] DEBUG org.hibernate.SQL - 
    select
        c1_0.id,
        c1_0.avatar_url,
        c1_0.email,
        c1_0.first_name,
        c1_0.is_admin,
        c1_0.join_date,
        c1_0.last_name,
        c1_0.password 
    from
        collaborator c1_0 
    where
        c1_0.email=?
16:53:19.666 [http-nio-2017-exec-7] DEBUG org.hibernate.SQL - 
    select
        c1_0.id,
        c1_0.avatar_url,
        c1_0.email,
        c1_0.first_name,
        c1_0.is_admin,
        c1_0.join_date,
        c1_0.last_name,
        c1_0.password 
    from
        collaborator c1_0 
    where
        c1_0.email=?
16:53:21.474 [http-nio-2017-exec-3] DEBUG org.hibernate.SQL - 
    select
        c1_0.id,
        c1_0.avatar_url,
        c1_0.email,
        c1_0.first_name,
        c1_0.is_admin,
        c1_0.join_date,
        c1_0.last_name,
        c1_0.password 
    from
        collaborator c1_0 
    where
        c1_0.email=?
16:53:40.623 [http-nio-2017-exec-4] DEBUG org.hibernate.SQL - 
    select
        c1_0.id,
        c1_0.avatar_url,
        c1_0.email,
        c1_0.first_name,
        c1_0.is_admin,
        c1_0.join_date,
        c1_0.last_name,
        c1_0.password 
    from
        collaborator c1_0 
    where
        c1_0.email=?
17:01:10.682 [http-nio-2017-exec-4] DEBUG org.hibernate.SQL - 
    select
        c1_0.id,
        c1_0.avatar_url,
        c1_0.email,
        c1_0.first_name,
        c1_0.is_admin,
        c1_0.join_date,
        c1_0.last_name,
        c1_0.password 
    from
        collaborator c1_0 
    where
        c1_0.email=?
17:01:22.022 [http-nio-2017-exec-4] DEBUG org.hibernate.SQL - 
    select
        c1_0.id,
        c1_0.avatar_url,
        c1_0.email,
        c1_0.first_name,
        c1_0.is_admin,
        c1_0.join_date,
        c1_0.last_name,
        c1_0.password 
    from
        collaborator c1_0 
    where
        c1_0.email=?
17:01:23.860 [http-nio-2017-exec-9] DEBUG org.hibernate.SQL - 
    select
        c1_0.id,
        c1_0.avatar_url,
        c1_0.email,
        c1_0.first_name,
        c1_0.is_admin,
        c1_0.join_date,
        c1_0.last_name,
        c1_0.password 
    from
        collaborator c1_0 
    where
        c1_0.email=?
17:15:12.166 [main] DEBUG org.hibernate.SQL - 
    set client_min_messages = WARNING
17:15:12.172 [main] DEBUG org.hibernate.SQL - 
    alter table if exists collaborator_projects 
       drop constraint if exists FK5kpa0x61428eivx39w4c216h
17:15:12.188 [main] DEBUG org.hibernate.SQL - 
    alter table if exists collaborator_projects 
       drop constraint if exists FKm4db4bcau4iu453d13goewr8m
17:15:12.192 [main] DEBUG org.hibernate.SQL - 
    alter table if exists collaborator_skills 
       drop constraint if exists FKbb5rbvrsi0m43gjn3i5qvkuh
17:15:12.194 [main] DEBUG org.hibernate.SQL - 
    alter table if exists collaborator_skills 
       drop constraint if exists FK3cyrlff064tuvekjxx7okhbmm
17:15:12.196 [main] DEBUG org.hibernate.SQL - 
    alter table if exists participation 
       drop constraint if exists FKi29knmhldnxgrbqv72csehpru
17:15:12.199 [main] DEBUG org.hibernate.SQL - 
    alter table if exists participation 
       drop constraint if exists FKs0yblthwqvmld18g7wga85l7v
17:15:12.201 [main] DEBUG org.hibernate.SQL - 
    alter table if exists project 
       drop constraint if exists FK8nw995uro0115f1go0dmrtn2d
17:15:12.204 [main] DEBUG org.hibernate.SQL - 
    alter table if exists project_assignees 
       drop constraint if exists FKtph20c9xnww4jlncwhs4jlgra
17:15:12.206 [main] DEBUG org.hibernate.SQL - 
    alter table if exists project_assignees 
       drop constraint if exists FKecvqetfhr49y3iavrwu3x4nyq
17:15:12.208 [main] DEBUG org.hibernate.SQL - 
    alter table if exists task 
       drop constraint if exists FKk8qrwowg31kx7hp93sru1pdqa
17:15:12.211 [main] DEBUG org.hibernate.SQL - 
    alter table if exists task_assignees 
       drop constraint if exists FKpaw716f39pnoirqew86kkyc3s
17:15:12.213 [main] DEBUG org.hibernate.SQL - 
    alter table if exists task_assignees 
       drop constraint if exists FKo4yer4djkjpmp3hrghfn0hh9
17:15:12.215 [main] DEBUG org.hibernate.SQL - 
    drop table if exists client cascade
17:15:12.216 [main] DEBUG org.hibernate.SQL - 
    drop table if exists collaborator cascade
17:15:12.219 [main] DEBUG org.hibernate.SQL - 
    drop table if exists collaborator_projects cascade
17:15:12.221 [main] DEBUG org.hibernate.SQL - 
    drop table if exists collaborator_skills cascade
17:15:12.223 [main] DEBUG org.hibernate.SQL - 
    drop table if exists participation cascade
17:15:12.225 [main] DEBUG org.hibernate.SQL - 
    drop table if exists project cascade
17:15:12.227 [main] DEBUG org.hibernate.SQL - 
    drop table if exists project_assignees cascade
17:15:12.228 [main] DEBUG org.hibernate.SQL - 
    drop table if exists skill cascade
17:15:12.230 [main] DEBUG org.hibernate.SQL - 
    drop table if exists task cascade
17:15:12.232 [main] DEBUG org.hibernate.SQL - 
    drop table if exists task_assignees cascade
17:15:12.248 [main] DEBUG org.hibernate.SQL - 
    create table client (
        id bigint generated by default as identity,
        email varchar(255),
        name varchar(255),
        phone_number varchar(255),
        primary key (id)
    )
17:15:12.258 [main] DEBUG org.hibernate.SQL - 
    create table collaborator (
        is_admin boolean not null,
        join_date date,
        id bigint generated by default as identity,
        avatar_url varchar(255),
        email varchar(255),
        first_name varchar(255),
        last_name varchar(255),
        password varchar(255),
        primary key (id)
    )
17:15:12.261 [main] DEBUG org.hibernate.SQL - 
    create table collaborator_projects (
        collaborator_id bigint not null,
        projects_id bigint not null unique,
        primary key (collaborator_id, projects_id)
    )
17:15:12.264 [main] DEBUG org.hibernate.SQL - 
    create table collaborator_skills (
        collaborator_id bigint not null,
        skills_id bigint not null,
        primary key (collaborator_id, skills_id)
    )
17:15:12.266 [main] DEBUG org.hibernate.SQL - 
    create table participation (
        collaborator_id bigint,
        id bigint generated by default as identity,
        project_id bigint,
        roles smallint array,
        primary key (id)
    )
17:15:12.270 [main] DEBUG org.hibernate.SQL - 
    create table project (
        status smallint check (status between 0 and 2),
        client_id bigint,
        end timestamp(6),
        id bigint generated by default as identity,
        start timestamp(6),
        description varchar(255),
        title varchar(255),
        primary key (id)
    )
17:15:12.273 [main] DEBUG org.hibernate.SQL - 
    create table project_assignees (
        assignees_id bigint not null,
        project_id bigint not null,
        primary key (assignees_id, project_id)
    )
17:15:12.275 [main] DEBUG org.hibernate.SQL - 
    create table skill (
        id bigint generated by default as identity,
        name varchar(255),
        primary key (id)
    )
17:15:12.277 [main] DEBUG org.hibernate.SQL - 
    create table task (
        status smallint check (status between 0 and 2),
        deadline timestamp(6),
        id bigint generated by default as identity,
        project_id bigint,
        description varchar(255),
        title varchar(255),
        primary key (id)
    )
17:15:12.279 [main] DEBUG org.hibernate.SQL - 
    create table task_assignees (
        assignees_id bigint not null,
        task_id bigint not null,
        primary key (assignees_id, task_id)
    )
17:15:12.282 [main] DEBUG org.hibernate.SQL - 
    alter table if exists collaborator_projects 
       add constraint FK5kpa0x61428eivx39w4c216h 
       foreign key (projects_id) 
       references participation
17:15:12.284 [main] DEBUG org.hibernate.SQL - 
    alter table if exists collaborator_projects 
       add constraint FKm4db4bcau4iu453d13goewr8m 
       foreign key (collaborator_id) 
       references collaborator
17:15:12.287 [main] DEBUG org.hibernate.SQL - 
    alter table if exists collaborator_skills 
       add constraint FKbb5rbvrsi0m43gjn3i5qvkuh 
       foreign key (skills_id) 
       references skill
17:15:12.289 [main] DEBUG org.hibernate.SQL - 
    alter table if exists collaborator_skills 
       add constraint FK3cyrlff064tuvekjxx7okhbmm 
       foreign key (collaborator_id) 
       references collaborator
17:15:12.291 [main] DEBUG org.hibernate.SQL - 
    alter table if exists participation 
       add constraint FKi29knmhldnxgrbqv72csehpru 
       foreign key (collaborator_id) 
       references collaborator
17:15:12.293 [main] DEBUG org.hibernate.SQL - 
    alter table if exists participation 
       add constraint FKs0yblthwqvmld18g7wga85l7v 
       foreign key (project_id) 
       references project
17:15:12.295 [main] DEBUG org.hibernate.SQL - 
    alter table if exists project 
       add constraint FK8nw995uro0115f1go0dmrtn2d 
       foreign key (client_id) 
       references client
17:15:12.297 [main] DEBUG org.hibernate.SQL - 
    alter table if exists project_assignees 
       add constraint FKtph20c9xnww4jlncwhs4jlgra 
       foreign key (assignees_id) 
       references participation
17:15:12.299 [main] DEBUG org.hibernate.SQL - 
    alter table if exists project_assignees 
       add constraint FKecvqetfhr49y3iavrwu3x4nyq 
       foreign key (project_id) 
       references project
17:15:12.302 [main] DEBUG org.hibernate.SQL - 
    alter table if exists task 
       add constraint FKk8qrwowg31kx7hp93sru1pdqa 
       foreign key (project_id) 
       references project
17:15:12.305 [main] DEBUG org.hibernate.SQL - 
    alter table if exists task_assignees 
       add constraint FKpaw716f39pnoirqew86kkyc3s 
       foreign key (assignees_id) 
       references collaborator
17:15:12.308 [main] DEBUG org.hibernate.SQL - 
    alter table if exists task_assignees 
       add constraint FKo4yer4djkjpmp3hrghfn0hh9 
       foreign key (task_id) 
       references task
17:15:45.321 [main] DEBUG org.hibernate.SQL - 
    set client_min_messages = WARNING
17:15:45.329 [main] DEBUG org.hibernate.SQL - 
    alter table if exists collaborator_projects 
       drop constraint if exists FK5kpa0x61428eivx39w4c216h
17:15:45.341 [main] DEBUG org.hibernate.SQL - 
    alter table if exists collaborator_projects 
       drop constraint if exists FKm4db4bcau4iu453d13goewr8m
17:15:45.343 [main] DEBUG org.hibernate.SQL - 
    alter table if exists collaborator_skills 
       drop constraint if exists FKbb5rbvrsi0m43gjn3i5qvkuh
17:15:45.345 [main] DEBUG org.hibernate.SQL - 
    alter table if exists collaborator_skills 
       drop constraint if exists FK3cyrlff064tuvekjxx7okhbmm
17:15:45.347 [main] DEBUG org.hibernate.SQL - 
    alter table if exists participation 
       drop constraint if exists FKi29knmhldnxgrbqv72csehpru
17:15:45.349 [main] DEBUG org.hibernate.SQL - 
    alter table if exists participation 
       drop constraint if exists FKs0yblthwqvmld18g7wga85l7v
17:15:45.350 [main] DEBUG org.hibernate.SQL - 
    alter table if exists project 
       drop constraint if exists FK8nw995uro0115f1go0dmrtn2d
17:15:45.351 [main] DEBUG org.hibernate.SQL - 
    alter table if exists project_assignees 
       drop constraint if exists FKtph20c9xnww4jlncwhs4jlgra
17:15:45.355 [main] DEBUG org.hibernate.SQL - 
    alter table if exists project_assignees 
       drop constraint if exists FKecvqetfhr49y3iavrwu3x4nyq
17:15:45.357 [main] DEBUG org.hibernate.SQL - 
    alter table if exists task 
       drop constraint if exists FKk8qrwowg31kx7hp93sru1pdqa
17:15:45.359 [main] DEBUG org.hibernate.SQL - 
    alter table if exists task_assignees 
       drop constraint if exists FKpaw716f39pnoirqew86kkyc3s
17:15:45.361 [main] DEBUG org.hibernate.SQL - 
    alter table if exists task_assignees 
       drop constraint if exists FKo4yer4djkjpmp3hrghfn0hh9
17:15:45.363 [main] DEBUG org.hibernate.SQL - 
    drop table if exists client cascade
17:15:45.364 [main] DEBUG org.hibernate.SQL - 
    drop table if exists collaborator cascade
17:15:45.365 [main] DEBUG org.hibernate.SQL - 
    drop table if exists collaborator_projects cascade
17:15:45.367 [main] DEBUG org.hibernate.SQL - 
    drop table if exists collaborator_skills cascade
17:15:45.369 [main] DEBUG org.hibernate.SQL - 
    drop table if exists participation cascade
17:15:45.371 [main] DEBUG org.hibernate.SQL - 
    drop table if exists project cascade
17:15:45.372 [main] DEBUG org.hibernate.SQL - 
    drop table if exists project_assignees cascade
17:15:45.374 [main] DEBUG org.hibernate.SQL - 
    drop table if exists skill cascade
17:15:45.377 [main] DEBUG org.hibernate.SQL - 
    drop table if exists task cascade
17:15:45.378 [main] DEBUG org.hibernate.SQL - 
    drop table if exists task_assignees cascade
17:15:45.391 [main] DEBUG org.hibernate.SQL - 
    create table client (
        id bigint generated by default as identity,
        email varchar(255),
        name varchar(255),
        phone_number varchar(255),
        primary key (id)
    )
17:15:45.401 [main] DEBUG org.hibernate.SQL - 
    create table collaborator (
        is_admin boolean not null,
        join_date date,
        id bigint generated by default as identity,
        avatar_url varchar(255),
        email varchar(255),
        first_name varchar(255),
        last_name varchar(255),
        password varchar(255),
        primary key (id)
    )
17:15:45.405 [main] DEBUG org.hibernate.SQL - 
    create table collaborator_projects (
        collaborator_id bigint not null,
        projects_id bigint not null unique,
        primary key (collaborator_id, projects_id)
    )
17:15:45.408 [main] DEBUG org.hibernate.SQL - 
    create table collaborator_skills (
        collaborator_id bigint not null,
        skills_id bigint not null,
        primary key (collaborator_id, skills_id)
    )
17:15:45.411 [main] DEBUG org.hibernate.SQL - 
    create table participation (
        collaborator_id bigint,
        id bigint generated by default as identity,
        project_id bigint,
        roles smallint array,
        primary key (id)
    )
17:15:45.415 [main] DEBUG org.hibernate.SQL - 
    create table project (
        status smallint check (status between 0 and 2),
        client_id bigint,
        end timestamp(6),
        id bigint generated by default as identity,
        start timestamp(6),
        description varchar(255),
        title varchar(255),
        primary key (id)
    )
17:15:45.418 [main] DEBUG org.hibernate.SQL - 
    create table project_assignees (
        assignees_id bigint not null,
        project_id bigint not null,
        primary key (assignees_id, project_id)
    )
17:15:45.420 [main] DEBUG org.hibernate.SQL - 
    create table skill (
        id bigint generated by default as identity,
        name varchar(255),
        primary key (id)
    )
17:15:45.423 [main] DEBUG org.hibernate.SQL - 
    create table task (
        status smallint check (status between 0 and 2),
        deadline timestamp(6),
        id bigint generated by default as identity,
        project_id bigint,
        description varchar(255),
        title varchar(255),
        primary key (id)
    )
17:15:45.425 [main] DEBUG org.hibernate.SQL - 
    create table task_assignees (
        assignees_id bigint not null,
        task_id bigint not null,
        primary key (assignees_id, task_id)
    )
17:15:45.429 [main] DEBUG org.hibernate.SQL - 
    alter table if exists collaborator_projects 
       add constraint FK5kpa0x61428eivx39w4c216h 
       foreign key (projects_id) 
       references participation
17:15:45.431 [main] DEBUG org.hibernate.SQL - 
    alter table if exists collaborator_projects 
       add constraint FKm4db4bcau4iu453d13goewr8m 
       foreign key (collaborator_id) 
       references collaborator
17:15:45.434 [main] DEBUG org.hibernate.SQL - 
    alter table if exists collaborator_skills 
       add constraint FKbb5rbvrsi0m43gjn3i5qvkuh 
       foreign key (skills_id) 
       references skill
17:15:45.436 [main] DEBUG org.hibernate.SQL - 
    alter table if exists collaborator_skills 
       add constraint FK3cyrlff064tuvekjxx7okhbmm 
       foreign key (collaborator_id) 
       references collaborator
17:15:45.438 [main] DEBUG org.hibernate.SQL - 
    alter table if exists participation 
       add constraint FKi29knmhldnxgrbqv72csehpru 
       foreign key (collaborator_id) 
       references collaborator
17:15:45.439 [main] DEBUG org.hibernate.SQL - 
    alter table if exists participation 
       add constraint FKs0yblthwqvmld18g7wga85l7v 
       foreign key (project_id) 
       references project
17:15:45.442 [main] DEBUG org.hibernate.SQL - 
    alter table if exists project 
       add constraint FK8nw995uro0115f1go0dmrtn2d 
       foreign key (client_id) 
       references client
17:15:45.444 [main] DEBUG org.hibernate.SQL - 
    alter table if exists project_assignees 
       add constraint FKtph20c9xnww4jlncwhs4jlgra 
       foreign key (assignees_id) 
       references participation
17:15:45.446 [main] DEBUG org.hibernate.SQL - 
    alter table if exists project_assignees 
       add constraint FKecvqetfhr49y3iavrwu3x4nyq 
       foreign key (project_id) 
       references project
17:15:45.449 [main] DEBUG org.hibernate.SQL - 
    alter table if exists task 
       add constraint FKk8qrwowg31kx7hp93sru1pdqa 
       foreign key (project_id) 
       references project
17:15:45.451 [main] DEBUG org.hibernate.SQL - 
    alter table if exists task_assignees 
       add constraint FKpaw716f39pnoirqew86kkyc3s 
       foreign key (assignees_id) 
       references collaborator
17:15:45.454 [main] DEBUG org.hibernate.SQL - 
    alter table if exists task_assignees 
       add constraint FKo4yer4djkjpmp3hrghfn0hh9 
       foreign key (task_id) 
       references task
17:16:27.941 [http-nio-2017-exec-2] DEBUG org.hibernate.SQL - 
    select
        c1_0.id,
        c1_0.avatar_url,
        c1_0.email,
        c1_0.first_name,
        c1_0.is_admin,
        c1_0.join_date,
        c1_0.last_name,
        c1_0.password 
    from
        collaborator c1_0 
    where
        c1_0.email=?
17:18:32.298 [main] DEBUG org.hibernate.SQL - 
    set client_min_messages = WARNING
17:18:32.303 [main] DEBUG org.hibernate.SQL - 
    alter table if exists collaborator_projects 
       drop constraint if exists FK5kpa0x61428eivx39w4c216h
17:18:32.316 [main] DEBUG org.hibernate.SQL - 
    alter table if exists collaborator_projects 
       drop constraint if exists FKm4db4bcau4iu453d13goewr8m
17:18:32.318 [main] DEBUG org.hibernate.SQL - 
    alter table if exists collaborator_skills 
       drop constraint if exists FKbb5rbvrsi0m43gjn3i5qvkuh
17:18:32.320 [main] DEBUG org.hibernate.SQL - 
    alter table if exists collaborator_skills 
       drop constraint if exists FK3cyrlff064tuvekjxx7okhbmm
17:18:32.322 [main] DEBUG org.hibernate.SQL - 
    alter table if exists participation 
       drop constraint if exists FKi29knmhldnxgrbqv72csehpru
17:18:32.324 [main] DEBUG org.hibernate.SQL - 
    alter table if exists participation 
       drop constraint if exists FKs0yblthwqvmld18g7wga85l7v
17:18:32.325 [main] DEBUG org.hibernate.SQL - 
    alter table if exists project 
       drop constraint if exists FK8nw995uro0115f1go0dmrtn2d
17:18:32.327 [main] DEBUG org.hibernate.SQL - 
    alter table if exists project_assignees 
       drop constraint if exists FKtph20c9xnww4jlncwhs4jlgra
17:18:32.329 [main] DEBUG org.hibernate.SQL - 
    alter table if exists project_assignees 
       drop constraint if exists FKecvqetfhr49y3iavrwu3x4nyq
17:18:32.330 [main] DEBUG org.hibernate.SQL - 
    alter table if exists task 
       drop constraint if exists FKk8qrwowg31kx7hp93sru1pdqa
17:18:32.332 [main] DEBUG org.hibernate.SQL - 
    alter table if exists task_assignees 
       drop constraint if exists FKpaw716f39pnoirqew86kkyc3s
17:18:32.333 [main] DEBUG org.hibernate.SQL - 
    alter table if exists task_assignees 
       drop constraint if exists FKo4yer4djkjpmp3hrghfn0hh9
17:18:32.335 [main] DEBUG org.hibernate.SQL - 
    drop table if exists client cascade
17:18:32.336 [main] DEBUG org.hibernate.SQL - 
    drop table if exists collaborator cascade
17:18:32.338 [main] DEBUG org.hibernate.SQL - 
    drop table if exists collaborator_projects cascade
17:18:32.339 [main] DEBUG org.hibernate.SQL - 
    drop table if exists collaborator_skills cascade
17:18:32.340 [main] DEBUG org.hibernate.SQL - 
    drop table if exists participation cascade
17:18:32.341 [main] DEBUG org.hibernate.SQL - 
    drop table if exists project cascade
17:18:32.343 [main] DEBUG org.hibernate.SQL - 
    drop table if exists project_assignees cascade
17:18:32.344 [main] DEBUG org.hibernate.SQL - 
    drop table if exists skill cascade
17:18:32.345 [main] DEBUG org.hibernate.SQL - 
    drop table if exists task cascade
17:18:32.347 [main] DEBUG org.hibernate.SQL - 
    drop table if exists task_assignees cascade
17:18:32.359 [main] DEBUG org.hibernate.SQL - 
    create table client (
        id bigint generated by default as identity,
        email varchar(255),
        name varchar(255),
        phone_number varchar(255),
        primary key (id)
    )
17:18:32.367 [main] DEBUG org.hibernate.SQL - 
    create table collaborator (
        is_admin boolean not null,
        join_date date,
        id bigint generated by default as identity,
        avatar_url varchar(255),
        email varchar(255),
        first_name varchar(255),
        last_name varchar(255),
        password varchar(255),
        primary key (id)
    )
17:18:32.370 [main] DEBUG org.hibernate.SQL - 
    create table collaborator_projects (
        collaborator_id bigint not null,
        projects_id bigint not null unique,
        primary key (collaborator_id, projects_id)
    )
17:18:32.372 [main] DEBUG org.hibernate.SQL - 
    create table collaborator_skills (
        collaborator_id bigint not null,
        skills_id bigint not null,
        primary key (collaborator_id, skills_id)
    )
17:18:32.374 [main] DEBUG org.hibernate.SQL - 
    create table participation (
        collaborator_id bigint,
        id bigint generated by default as identity,
        project_id bigint,
        roles smallint array,
        primary key (id)
    )
17:18:32.377 [main] DEBUG org.hibernate.SQL - 
    create table project (
        status smallint check (status between 0 and 2),
        client_id bigint,
        end timestamp(6),
        id bigint generated by default as identity,
        start timestamp(6),
        description varchar(255),
        title varchar(255),
        primary key (id)
    )
17:18:32.379 [main] DEBUG org.hibernate.SQL - 
    create table project_assignees (
        assignees_id bigint not null,
        project_id bigint not null,
        primary key (assignees_id, project_id)
    )
17:18:32.381 [main] DEBUG org.hibernate.SQL - 
    create table skill (
        id bigint generated by default as identity,
        name varchar(255),
        primary key (id)
    )
17:18:32.383 [main] DEBUG org.hibernate.SQL - 
    create table task (
        status smallint check (status between 0 and 2),
        deadline timestamp(6),
        id bigint generated by default as identity,
        project_id bigint,
        description varchar(255),
        title varchar(255),
        primary key (id)
    )
17:18:32.385 [main] DEBUG org.hibernate.SQL - 
    create table task_assignees (
        assignees_id bigint not null,
        task_id bigint not null,
        primary key (assignees_id, task_id)
    )
17:18:32.388 [main] DEBUG org.hibernate.SQL - 
    alter table if exists collaborator_projects 
       add constraint FK5kpa0x61428eivx39w4c216h 
       foreign key (projects_id) 
       references participation
17:18:32.390 [main] DEBUG org.hibernate.SQL - 
    alter table if exists collaborator_projects 
       add constraint FKm4db4bcau4iu453d13goewr8m 
       foreign key (collaborator_id) 
       references collaborator
17:18:32.392 [main] DEBUG org.hibernate.SQL - 
    alter table if exists collaborator_skills 
       add constraint FKbb5rbvrsi0m43gjn3i5qvkuh 
       foreign key (skills_id) 
       references skill
17:18:32.394 [main] DEBUG org.hibernate.SQL - 
    alter table if exists collaborator_skills 
       add constraint FK3cyrlff064tuvekjxx7okhbmm 
       foreign key (collaborator_id) 
       references collaborator
17:18:32.396 [main] DEBUG org.hibernate.SQL - 
    alter table if exists participation 
       add constraint FKi29knmhldnxgrbqv72csehpru 
       foreign key (collaborator_id) 
       references collaborator
17:18:32.398 [main] DEBUG org.hibernate.SQL - 
    alter table if exists participation 
       add constraint FKs0yblthwqvmld18g7wga85l7v 
       foreign key (project_id) 
       references project
17:18:32.400 [main] DEBUG org.hibernate.SQL - 
    alter table if exists project 
       add constraint FK8nw995uro0115f1go0dmrtn2d 
       foreign key (client_id) 
       references client
17:18:32.403 [main] DEBUG org.hibernate.SQL - 
    alter table if exists project_assignees 
       add constraint FKtph20c9xnww4jlncwhs4jlgra 
       foreign key (assignees_id) 
       references participation
17:18:32.405 [main] DEBUG org.hibernate.SQL - 
    alter table if exists project_assignees 
       add constraint FKecvqetfhr49y3iavrwu3x4nyq 
       foreign key (project_id) 
       references project
17:18:32.407 [main] DEBUG org.hibernate.SQL - 
    alter table if exists task 
       add constraint FKk8qrwowg31kx7hp93sru1pdqa 
       foreign key (project_id) 
       references project
17:18:32.409 [main] DEBUG org.hibernate.SQL - 
    alter table if exists task_assignees 
       add constraint FKpaw716f39pnoirqew86kkyc3s 
       foreign key (assignees_id) 
       references collaborator
17:18:32.411 [main] DEBUG org.hibernate.SQL - 
    alter table if exists task_assignees 
       add constraint FKo4yer4djkjpmp3hrghfn0hh9 
       foreign key (task_id) 
       references task
17:20:39.714 [http-nio-2017-exec-5] DEBUG org.hibernate.SQL - 
    select
        c1_0.id,
        c1_0.avatar_url,
        c1_0.email,
        c1_0.first_name,
        c1_0.is_admin,
        c1_0.join_date,
        c1_0.last_name,
        c1_0.password 
    from
        collaborator c1_0 
    where
        c1_0.email=?
17:20:49.759 [http-nio-2017-exec-3] DEBUG org.hibernate.SQL - 
    select
        c1_0.id,
        c1_0.avatar_url,
        c1_0.email,
        c1_0.first_name,
        c1_0.is_admin,
        c1_0.join_date,
        c1_0.last_name,
        c1_0.password 
    from
        collaborator c1_0 
    where
        c1_0.email=?
17:22:21.659 [http-nio-2017-exec-1] DEBUG org.hibernate.SQL - 
    select
        c1_0.id,
        c1_0.avatar_url,
        c1_0.email,
        c1_0.first_name,
        c1_0.is_admin,
        c1_0.join_date,
        c1_0.last_name,
        c1_0.password 
    from
        collaborator c1_0 
    where
        c1_0.email=?
